#
# A fatal error has been detected by the Java Runtime Environment:
#
#  Internal Error (sharedRuntime.cpp:532), pid=46843, tid=10243
#  Error: ShouldNotReachHere()
#
# JRE version: OpenJDK Runtime Environment Zulu16.28+11-CA (16.0+36) (build 16+36)
# Java VM: OpenJDK 64-Bit Server VM Zulu16.28+11-CA (16+36, mixed mode, tiered, compressed oops, g1 gc, bsd-aarch64)
# No core dump will be written. Core dumps have been disabled. To enable core dumping, try "ulimit -c unlimited" before starting Java again
#
# If you would like to submit a bug report, please visit:
#   http://www.azulsystems.com/support/
#

---------------  S U M M A R Y ------------

Command Line: -Dorg.gradle.appname=gradlew org.gradle.wrapper.GradleWrapperMain :app:dependencies --write-locks

Host: Macmini9,1 arm64 1 MHz, 8 cores, 16G, Darwin 21.2.0, macOS 12.1 (21C52)
Time: Sat Jan 29 18:57:53 2022 CET elapsed time: 0.335617 seconds (0d 0h 0m 0s)

---------------  T H R E A D  ---------------

Current thread (0x000000013780b000):  JavaThread "main" [_thread_in_Java, id=10243, stack(0x000000016da98000,0x000000016dc9b000)]

Stack: [0x000000016da98000,0x000000016dc9b000],  sp=0x000000016dc98860,  free space=2050k
Native frames: (J=compiled Java code, A=aot compiled Java code, j=interpreted, Vv=VM code, C=native code)
V  [libjvm.dylib+0x9abf04]  _ZN7VMError14report_and_dieEiPKcS1_PcP6ThreadPhPvS6_S1_im+0x46c
V  [libjvm.dylib+0x9ac658]  _ZN7VMError14report_and_dieEP6ThreadPvPKciS4_S4_Pc+0x40
V  [libjvm.dylib+0x2a9dd0]  _Z15report_vm_errorPKciS0_S0_z+0x5c
V  [libjvm.dylib+0x2a9fa4]  _Z28report_should_not_reach_herePKci+0x2c
V  [libjvm.dylib+0x81388c]  _ZN13SharedRuntime40raw_exception_handler_for_return_addressEP10JavaThreadPh+0x178
V  [libjvm.dylib+0x813930]  _ZN13SharedRuntime36exception_handler_for_return_addressEP10JavaThreadPh+0x28
v  ~StubRoutines::forward exception
j  org.slf4j.MarkerFactory.<clinit>()V+0
v  ~StubRoutines::call_stub
V  [libjvm.dylib+0x43f718]  _ZN9JavaCalls11call_helperEP9JavaValueRK12methodHandleP17JavaCallArgumentsP6Thread+0x30c
V  [libjvm.dylib+0x4210c0]  _ZN13InstanceKlass22call_class_initializerEP6Thread+0x1e8
V  [libjvm.dylib+0x4207ec]  _ZN13InstanceKlass15initialize_implEP6Thread+0x57c
V  [libjvm.dylib+0x657ef4]  _ZN12LinkResolver19resolve_static_callER8CallInfoRK8LinkInfobP6Thread+0x78
V  [libjvm.dylib+0x659ecc]  _ZN12LinkResolver14resolve_invokeER8CallInfo6HandleRK18constantPoolHandleiN9Bytecodes4CodeEP6Thread+0xac
V  [libjvm.dylib+0x438a34]  _ZN18InterpreterRuntime14resolve_invokeEP10JavaThreadN9Bytecodes4CodeE+0x29c
V  [libjvm.dylib+0x439030]  _ZN18InterpreterRuntime18resolve_from_cacheEP10JavaThreadN9Bytecodes4CodeE+0x7c
j  org.gradle.api.logging.Logging.<clinit>()V+2
v  ~StubRoutines::call_stub
V  [libjvm.dylib+0x43f718]  _ZN9JavaCalls11call_helperEP9JavaValueRK12methodHandleP17JavaCallArgumentsP6Thread+0x30c
V  [libjvm.dylib+0x4210c0]  _ZN13InstanceKlass22call_class_initializerEP6Thread+0x1e8
V  [libjvm.dylib+0x4207ec]  _ZN13InstanceKlass15initialize_implEP6Thread+0x57c
V  [libjvm.dylib+0x657ef4]  _ZN12LinkResolver19resolve_static_callER8CallInfoRK8LinkInfobP6Thread+0x78
V  [libjvm.dylib+0x659ecc]  _ZN12LinkResolver14resolve_invokeER8CallInfo6HandleRK18constantPoolHandleiN9Bytecodes4CodeEP6Thread+0xac
V  [libjvm.dylib+0x438a34]  _ZN18InterpreterRuntime14resolve_invokeEP10JavaThreadN9Bytecodes4CodeE+0x29c
V  [libjvm.dylib+0x439030]  _ZN18InterpreterRuntime18resolve_from_cacheEP10JavaThreadN9Bytecodes4CodeE+0x7c
j  org.gradle.launcher.cli.DebugLoggerWarningAction.<init>(Lorg/gradle/api/logging/configuration/LoggingConfiguration;Lorg/gradle/api/Action;)V+3
j  org.gradle.launcher.cli.DefaultCommandLineActionFactory$WithLogging.execute(Lorg/gradle/launcher/bootstrap/ExecutionListener;)V+240
j  org.gradle.launcher.Main.doAction([Ljava/lang/String;Lorg/gradle/launcher/bootstrap/ExecutionListener;)V+14
j  org.gradle.launcher.bootstrap.EntryPoint.run([Ljava/lang/String;)V+12
v  ~StubRoutines::call_stub
V  [libjvm.dylib+0x43f718]  _ZN9JavaCalls11call_helperEP9JavaValueRK12methodHandleP17JavaCallArgumentsP6Thread+0x30c
V  [libjvm.dylib+0x7f1128]  _ZL6invokeP13InstanceKlassRK12methodHandle6Handleb14objArrayHandle9BasicTypeS5_bP6Thread+0x914
V  [libjvm.dylib+0x7f079c]  _ZN10Reflection13invoke_methodEP7oopDesc6Handle14objArrayHandleP6Thread+0x150
V  [libjvm.dylib+0x4f3b34]  JVM_InvokeMethod+0x358
j  jdk.internal.reflect.NativeMethodAccessorImpl.invoke0(Ljava/lang/reflect/Method;Ljava/lang/Object;[Ljava/lang/Object;)Ljava/lang/Object;+0 java.base@16
j  jdk.internal.reflect.NativeMethodAccessorImpl.invoke(Ljava/lang/Object;[Ljava/lang/Object;)Ljava/lang/Object;+146 java.base@16
j  jdk.internal.reflect.DelegatingMethodAccessorImpl.invoke(Ljava/lang/Object;[Ljava/lang/Object;)Ljava/lang/Object;+6 java.base@16
j  java.lang.reflect.Method.invoke(Ljava/lang/Object;[Ljava/lang/Object;)Ljava/lang/Object;+59 java.base@16
j  org.gradle.launcher.bootstrap.ProcessBootstrap.runNoExit(Ljava/lang/String;[Ljava/lang/String;)V+161
j  org.gradle.launcher.bootstrap.ProcessBootstrap.run(Ljava/lang/String;[Ljava/lang/String;)V+3
j  org.gradle.launcher.GradleMain.main([Ljava/lang/String;)V+36
v  ~StubRoutines::call_stub
V  [libjvm.dylib+0x43f718]  _ZN9JavaCalls11call_helperEP9JavaValueRK12methodHandleP17JavaCallArgumentsP6Thread+0x30c
V  [libjvm.dylib+0x7f1128]  _ZL6invokeP13InstanceKlassRK12methodHandle6Handleb14objArrayHandle9BasicTypeS5_bP6Thread+0x914
V  [libjvm.dylib+0x7f079c]  _ZN10Reflection13invoke_methodEP7oopDesc6Handle14objArrayHandleP6Thread+0x150
V  [libjvm.dylib+0x4f3b34]  JVM_InvokeMethod+0x358
j  jdk.internal.reflect.NativeMethodAccessorImpl.invoke0(Ljava/lang/reflect/Method;Ljava/lang/Object;[Ljava/lang/Object;)Ljava/lang/Object;+0 java.base@16
j  jdk.internal.reflect.NativeMethodAccessorImpl.invoke(Ljava/lang/Object;[Ljava/lang/Object;)Ljava/lang/Object;+146 java.base@16
j  jdk.internal.reflect.DelegatingMethodAccessorImpl.invoke(Ljava/lang/Object;[Ljava/lang/Object;)Ljava/lang/Object;+6 java.base@16
j  java.lang.reflect.Method.invoke(Ljava/lang/Object;[Ljava/lang/Object;)Ljava/lang/Object;+59 java.base@16
j  org.gradle.wrapper.BootstrapMainStarter.start([Ljava/lang/String;Ljava/io/File;)V+82
j  org.gradle.wrapper.WrapperExecutor.execute([Ljava/lang/String;Lorg/gradle/wrapper/Install;Lorg/gradle/wrapper/BootstrapMainStarter;)V+14
j  org.gradle.wrapper.GradleWrapperMain.main([Ljava/lang/String;)V+190
v  ~StubRoutines::call_stub
V  [libjvm.dylib+0x43f718]  _ZN9JavaCalls11call_helperEP9JavaValueRK12methodHandleP17JavaCallArgumentsP6Thread+0x30c
V  [libjvm.dylib+0x4a115c]  _ZL17jni_invoke_staticP7JNIEnv_P9JavaValueP8_jobject11JNICallTypeP10_jmethodIDP18JNI_ArgumentPusherP6Thread+0x120
V  [libjvm.dylib+0x4a4570]  jni_CallStaticVoidMethod+0x120
C  [libjli.dylib+0x5430]  JavaMain+0x9d4
C  [libjli.dylib+0x778c]  ThreadJavaMain+0xc
C  [libsystem_pthread.dylib+0x7240]  _pthread_start+0x94


---------------  P R O C E S S  ---------------

Threads class SMR info:
_java_thread_list=0x0000600003f94380, length=11, elements={
0x000000013780b000, 0x0000000138020600, 0x0000000138011800, 0x0000000138024000,
0x0000000138014000, 0x0000000138014600, 0x0000000138029400, 0x0000000138029a00,
0x000000013802a000, 0x0000000138078600, 0x0000000138027200
}

Java Threads: ( => current thread )
=>0x000000013780b000 JavaThread "main" [_thread_in_Java, id=10243, stack(0x000000016da98000,0x000000016dc9b000)]
  0x0000000138020600 JavaThread "Reference Handler" daemon [_thread_blocked, id=17411, stack(0x000000016e8ec000,0x000000016eaef000)]
  0x0000000138011800 JavaThread "Finalizer" daemon [_thread_blocked, id=15363, stack(0x000000016eaf8000,0x000000016ecfb000)]
  0x0000000138024000 JavaThread "Signal Dispatcher" daemon [_thread_blocked, id=22531, stack(0x000000016ee1c000,0x000000016f01f000)]
  0x0000000138014000 JavaThread "Service Thread" daemon [_thread_blocked, id=22787, stack(0x000000016f028000,0x000000016f22b000)]
  0x0000000138014600 JavaThread "Monitor Deflation Thread" daemon [_thread_blocked, id=42499, stack(0x000000016f234000,0x000000016f437000)]
  0x0000000138029400 JavaThread "C2 CompilerThread0" daemon [_thread_in_native, id=23555, stack(0x000000016f440000,0x000000016f643000)]
  0x0000000138029a00 JavaThread "C1 CompilerThread0" daemon [_thread_blocked, id=41987, stack(0x000000016f64c000,0x000000016f84f000)]
  0x000000013802a000 JavaThread "Sweeper thread" daemon [_thread_blocked, id=24067, stack(0x000000016f858000,0x000000016fa5b000)]
  0x0000000138078600 JavaThread "Notification Thread" daemon [_thread_blocked, id=24323, stack(0x000000016fa64000,0x000000016fc67000)]
  0x0000000138027200 JavaThread "Common-Cleaner" daemon [_thread_blocked, id=40963, stack(0x000000016fe7c000,0x000000017007f000)]

Other Threads:
  0x00000001377063c0 VMThread "VM Thread" [stack: 0x000000016e6e0000,0x000000016e8e3000] [id=17923]
  0x0000000137711290 WatcherThread [stack: 0x000000016fc70000,0x000000016fe73000] [id=41475]
  0x0000000137606fb0 GCTaskThread "GC Thread#0" [stack: 0x000000016dca4000,0x000000016dea7000] [id=20227]
  0x00000001376076b0 ConcurrentGCThread "G1 Main Marker" [stack: 0x000000016deb0000,0x000000016e0b3000] [id=19971]
  0x0000000137607f90 ConcurrentGCThread "G1 Conc#0" [stack: 0x000000016e0bc000,0x000000016e2bf000] [id=13571]
  0x0000000137612e50 ConcurrentGCThread "G1 Refine#0" [stack: 0x000000016e2c8000,0x000000016e4cb000] [id=19203]
  0x0000000137613740 ConcurrentGCThread "G1 Service" [stack: 0x000000016e4d4000,0x000000016e6d7000] [id=14339]

Threads with active compile tasks:
C2 CompilerThread0      340  788   !   4       java.util.zip.ZipFile$Source::getEntryPos (174 bytes)

VM state: not at safepoint (normal execution)

VM Mutex/Monitor currently owned by a thread: None

Heap address: 0x00000006c0000000, size: 4096 MB, Compressed Oops mode: Zero based, Oop shift amount: 3
Compressed class space mapped at: 0x0000000300000000-0x0000000340000000, reserved size: 1073741824
Narrow klass base: 0x0000000000000000, Narrow klass shift: 3, Narrow klass range: 0x340000000

GC Precious Log:
 CPUs: 8 total, 8 available
 Memory: 16384M
 Large Page Support: Disabled
 NUMA Support: Disabled
 Compressed Oops: Enabled (Zero based)
 Heap Region Size: 2M
 Heap Min Capacity: 8M
 Heap Initial Capacity: 256M
 Heap Max Capacity: 4G
 Pre-touch: Disabled
 Parallel Workers: 8
 Concurrent Workers: 2
 Concurrent Refinement Workers: 8
 Periodic GC: Disabled

Heap:
 garbage-first heap   total 262144K, used 24576K [0x00000006c0000000, 0x00000007c0000000)
  region size 2048K, 10 young (20480K), 0 survivors (0K)
 Metaspace       used 10582K, committed 10816K, reserved 1064960K
  class space    used 1055K, committed 1152K, reserved 1048576K

Heap Regions: E=young(eden), S=young(survivor), O=old, HS=humongous(starts), HC=humongous(continues), CS=collection set, F=free, OA=open archive, CA=closed archive, TAMS=top-at-mark-start (previous, next)
|   0|0x00000006c0000000, 0x00000006c0200000, 0x00000006c0200000|100%|HS|  |TAMS 0x00000006c0000000, 0x00000006c0000000| Complete 
|   1|0x00000006c0200000, 0x00000006c0400000, 0x00000006c0400000|100%|HC|  |TAMS 0x00000006c0200000, 0x00000006c0200000| Complete 
|   2|0x00000006c0400000, 0x00000006c0600000, 0x00000006c0600000|100%|HS|  |TAMS 0x00000006c0400000, 0x00000006c0400000| Complete 
|   3|0x00000006c0600000, 0x00000006c0800000, 0x00000006c0800000|100%|HC|  |TAMS 0x00000006c0600000, 0x00000006c0600000| Complete 
|   4|0x00000006c0800000, 0x00000006c0800000, 0x00000006c0a00000|  0%| F|  |TAMS 0x00000006c0800000, 0x00000006c0800000| Untracked 
|   5|0x00000006c0a00000, 0x00000006c0a00000, 0x00000006c0c00000|  0%| F|  |TAMS 0x00000006c0a00000, 0x00000006c0a00000| Untracked 
|   6|0x00000006c0c00000, 0x00000006c0c00000, 0x00000006c0e00000|  0%| F|  |TAMS 0x00000006c0c00000, 0x00000006c0c00000| Untracked 
|   7|0x00000006c0e00000, 0x00000006c0e00000, 0x00000006c1000000|  0%| F|  |TAMS 0x00000006c0e00000, 0x00000006c0e00000| Untracked 
|   8|0x00000006c1000000, 0x00000006c1000000, 0x00000006c1200000|  0%| F|  |TAMS 0x00000006c1000000, 0x00000006c1000000| Untracked 
|   9|0x00000006c1200000, 0x00000006c1200000, 0x00000006c1400000|  0%| F|  |TAMS 0x00000006c1200000, 0x00000006c1200000| Untracked 
|  10|0x00000006c1400000, 0x00000006c1400000, 0x00000006c1600000|  0%| F|  |TAMS 0x00000006c1400000, 0x00000006c1400000| Untracked 
|  11|0x00000006c1600000, 0x00000006c1600000, 0x00000006c1800000|  0%| F|  |TAMS 0x00000006c1600000, 0x00000006c1600000| Untracked 
|  12|0x00000006c1800000, 0x00000006c1800000, 0x00000006c1a00000|  0%| F|  |TAMS 0x00000006c1800000, 0x00000006c1800000| Untracked 
|  13|0x00000006c1a00000, 0x00000006c1a00000, 0x00000006c1c00000|  0%| F|  |TAMS 0x00000006c1a00000, 0x00000006c1a00000| Untracked 
|  14|0x00000006c1c00000, 0x00000006c1c00000, 0x00000006c1e00000|  0%| F|  |TAMS 0x00000006c1c00000, 0x00000006c1c00000| Untracked 
|  15|0x00000006c1e00000, 0x00000006c1e00000, 0x00000006c2000000|  0%| F|  |TAMS 0x00000006c1e00000, 0x00000006c1e00000| Untracked 
|  16|0x00000006c2000000, 0x00000006c2000000, 0x00000006c2200000|  0%| F|  |TAMS 0x00000006c2000000, 0x00000006c2000000| Untracked 
|  17|0x00000006c2200000, 0x00000006c2200000, 0x00000006c2400000|  0%| F|  |TAMS 0x00000006c2200000, 0x00000006c2200000| Untracked 
|  18|0x00000006c2400000, 0x00000006c2400000, 0x00000006c2600000|  0%| F|  |TAMS 0x00000006c2400000, 0x00000006c2400000| Untracked 
|  19|0x00000006c2600000, 0x00000006c2600000, 0x00000006c2800000|  0%| F|  |TAMS 0x00000006c2600000, 0x00000006c2600000| Untracked 
|  20|0x00000006c2800000, 0x00000006c2800000, 0x00000006c2a00000|  0%| F|  |TAMS 0x00000006c2800000, 0x00000006c2800000| Untracked 
|  21|0x00000006c2a00000, 0x00000006c2a00000, 0x00000006c2c00000|  0%| F|  |TAMS 0x00000006c2a00000, 0x00000006c2a00000| Untracked 
|  22|0x00000006c2c00000, 0x00000006c2c00000, 0x00000006c2e00000|  0%| F|  |TAMS 0x00000006c2c00000, 0x00000006c2c00000| Untracked 
|  23|0x00000006c2e00000, 0x00000006c2e00000, 0x00000006c3000000|  0%| F|  |TAMS 0x00000006c2e00000, 0x00000006c2e00000| Untracked 
|  24|0x00000006c3000000, 0x00000006c3000000, 0x00000006c3200000|  0%| F|  |TAMS 0x00000006c3000000, 0x00000006c3000000| Untracked 
|  25|0x00000006c3200000, 0x00000006c3200000, 0x00000006c3400000|  0%| F|  |TAMS 0x00000006c3200000, 0x00000006c3200000| Untracked 
|  26|0x00000006c3400000, 0x00000006c3400000, 0x00000006c3600000|  0%| F|  |TAMS 0x00000006c3400000, 0x00000006c3400000| Untracked 
|  27|0x00000006c3600000, 0x00000006c3600000, 0x00000006c3800000|  0%| F|  |TAMS 0x00000006c3600000, 0x00000006c3600000| Untracked 
|  28|0x00000006c3800000, 0x00000006c3800000, 0x00000006c3a00000|  0%| F|  |TAMS 0x00000006c3800000, 0x00000006c3800000| Untracked 
|  29|0x00000006c3a00000, 0x00000006c3a00000, 0x00000006c3c00000|  0%| F|  |TAMS 0x00000006c3a00000, 0x00000006c3a00000| Untracked 
|  30|0x00000006c3c00000, 0x00000006c3c00000, 0x00000006c3e00000|  0%| F|  |TAMS 0x00000006c3c00000, 0x00000006c3c00000| Untracked 
|  31|0x00000006c3e00000, 0x00000006c3e00000, 0x00000006c4000000|  0%| F|  |TAMS 0x00000006c3e00000, 0x00000006c3e00000| Untracked 
|  32|0x00000006c4000000, 0x00000006c4000000, 0x00000006c4200000|  0%| F|  |TAMS 0x00000006c4000000, 0x00000006c4000000| Untracked 
|  33|0x00000006c4200000, 0x00000006c4200000, 0x00000006c4400000|  0%| F|  |TAMS 0x00000006c4200000, 0x00000006c4200000| Untracked 
|  34|0x00000006c4400000, 0x00000006c4400000, 0x00000006c4600000|  0%| F|  |TAMS 0x00000006c4400000, 0x00000006c4400000| Untracked 
|  35|0x00000006c4600000, 0x00000006c4600000, 0x00000006c4800000|  0%| F|  |TAMS 0x00000006c4600000, 0x00000006c4600000| Untracked 
|  36|0x00000006c4800000, 0x00000006c4800000, 0x00000006c4a00000|  0%| F|  |TAMS 0x00000006c4800000, 0x00000006c4800000| Untracked 
|  37|0x00000006c4a00000, 0x00000006c4a00000, 0x00000006c4c00000|  0%| F|  |TAMS 0x00000006c4a00000, 0x00000006c4a00000| Untracked 
|  38|0x00000006c4c00000, 0x00000006c4c00000, 0x00000006c4e00000|  0%| F|  |TAMS 0x00000006c4c00000, 0x00000006c4c00000| Untracked 
|  39|0x00000006c4e00000, 0x00000006c4e00000, 0x00000006c5000000|  0%| F|  |TAMS 0x00000006c4e00000, 0x00000006c4e00000| Untracked 
|  40|0x00000006c5000000, 0x00000006c5000000, 0x00000006c5200000|  0%| F|  |TAMS 0x00000006c5000000, 0x00000006c5000000| Untracked 
|  41|0x00000006c5200000, 0x00000006c5200000, 0x00000006c5400000|  0%| F|  |TAMS 0x00000006c5200000, 0x00000006c5200000| Untracked 
|  42|0x00000006c5400000, 0x00000006c5400000, 0x00000006c5600000|  0%| F|  |TAMS 0x00000006c5400000, 0x00000006c5400000| Untracked 
|  43|0x00000006c5600000, 0x00000006c5600000, 0x00000006c5800000|  0%| F|  |TAMS 0x00000006c5600000, 0x00000006c5600000| Untracked 
|  44|0x00000006c5800000, 0x00000006c5800000, 0x00000006c5a00000|  0%| F|  |TAMS 0x00000006c5800000, 0x00000006c5800000| Untracked 
|  45|0x00000006c5a00000, 0x00000006c5a00000, 0x00000006c5c00000|  0%| F|  |TAMS 0x00000006c5a00000, 0x00000006c5a00000| Untracked 
|  46|0x00000006c5c00000, 0x00000006c5c00000, 0x00000006c5e00000|  0%| F|  |TAMS 0x00000006c5c00000, 0x00000006c5c00000| Untracked 
|  47|0x00000006c5e00000, 0x00000006c5e00000, 0x00000006c6000000|  0%| F|  |TAMS 0x00000006c5e00000, 0x00000006c5e00000| Untracked 
|  48|0x00000006c6000000, 0x00000006c6000000, 0x00000006c6200000|  0%| F|  |TAMS 0x00000006c6000000, 0x00000006c6000000| Untracked 
|  49|0x00000006c6200000, 0x00000006c6200000, 0x00000006c6400000|  0%| F|  |TAMS 0x00000006c6200000, 0x00000006c6200000| Untracked 
|  50|0x00000006c6400000, 0x00000006c6400000, 0x00000006c6600000|  0%| F|  |TAMS 0x00000006c6400000, 0x00000006c6400000| Untracked 
|  51|0x00000006c6600000, 0x00000006c6600000, 0x00000006c6800000|  0%| F|  |TAMS 0x00000006c6600000, 0x00000006c6600000| Untracked 
|  52|0x00000006c6800000, 0x00000006c6800000, 0x00000006c6a00000|  0%| F|  |TAMS 0x00000006c6800000, 0x00000006c6800000| Untracked 
|  53|0x00000006c6a00000, 0x00000006c6a00000, 0x00000006c6c00000|  0%| F|  |TAMS 0x00000006c6a00000, 0x00000006c6a00000| Untracked 
|  54|0x00000006c6c00000, 0x00000006c6c00000, 0x00000006c6e00000|  0%| F|  |TAMS 0x00000006c6c00000, 0x00000006c6c00000| Untracked 
|  55|0x00000006c6e00000, 0x00000006c6e00000, 0x00000006c7000000|  0%| F|  |TAMS 0x00000006c6e00000, 0x00000006c6e00000| Untracked 
|  56|0x00000006c7000000, 0x00000006c7000000, 0x00000006c7200000|  0%| F|  |TAMS 0x00000006c7000000, 0x00000006c7000000| Untracked 
|  57|0x00000006c7200000, 0x00000006c7200000, 0x00000006c7400000|  0%| F|  |TAMS 0x00000006c7200000, 0x00000006c7200000| Untracked 
|  58|0x00000006c7400000, 0x00000006c7400000, 0x00000006c7600000|  0%| F|  |TAMS 0x00000006c7400000, 0x00000006c7400000| Untracked 
|  59|0x00000006c7600000, 0x00000006c7600000, 0x00000006c7800000|  0%| F|  |TAMS 0x00000006c7600000, 0x00000006c7600000| Untracked 
|  60|0x00000006c7800000, 0x00000006c7800000, 0x00000006c7a00000|  0%| F|  |TAMS 0x00000006c7800000, 0x00000006c7800000| Untracked 
|  61|0x00000006c7a00000, 0x00000006c7a00000, 0x00000006c7c00000|  0%| F|  |TAMS 0x00000006c7a00000, 0x00000006c7a00000| Untracked 
|  62|0x00000006c7c00000, 0x00000006c7c00000, 0x00000006c7e00000|  0%| F|  |TAMS 0x00000006c7c00000, 0x00000006c7c00000| Untracked 
|  63|0x00000006c7e00000, 0x00000006c7e00000, 0x00000006c8000000|  0%| F|  |TAMS 0x00000006c7e00000, 0x00000006c7e00000| Untracked 
|  64|0x00000006c8000000, 0x00000006c8000000, 0x00000006c8200000|  0%| F|  |TAMS 0x00000006c8000000, 0x00000006c8000000| Untracked 
|  65|0x00000006c8200000, 0x00000006c8200000, 0x00000006c8400000|  0%| F|  |TAMS 0x00000006c8200000, 0x00000006c8200000| Untracked 
|  66|0x00000006c8400000, 0x00000006c8400000, 0x00000006c8600000|  0%| F|  |TAMS 0x00000006c8400000, 0x00000006c8400000| Untracked 
|  67|0x00000006c8600000, 0x00000006c8600000, 0x00000006c8800000|  0%| F|  |TAMS 0x00000006c8600000, 0x00000006c8600000| Untracked 
|  68|0x00000006c8800000, 0x00000006c8800000, 0x00000006c8a00000|  0%| F|  |TAMS 0x00000006c8800000, 0x00000006c8800000| Untracked 
|  69|0x00000006c8a00000, 0x00000006c8a00000, 0x00000006c8c00000|  0%| F|  |TAMS 0x00000006c8a00000, 0x00000006c8a00000| Untracked 
|  70|0x00000006c8c00000, 0x00000006c8c00000, 0x00000006c8e00000|  0%| F|  |TAMS 0x00000006c8c00000, 0x00000006c8c00000| Untracked 
|  71|0x00000006c8e00000, 0x00000006c8e00000, 0x00000006c9000000|  0%| F|  |TAMS 0x00000006c8e00000, 0x00000006c8e00000| Untracked 
|  72|0x00000006c9000000, 0x00000006c9000000, 0x00000006c9200000|  0%| F|  |TAMS 0x00000006c9000000, 0x00000006c9000000| Untracked 
|  73|0x00000006c9200000, 0x00000006c9200000, 0x00000006c9400000|  0%| F|  |TAMS 0x00000006c9200000, 0x00000006c9200000| Untracked 
|  74|0x00000006c9400000, 0x00000006c9400000, 0x00000006c9600000|  0%| F|  |TAMS 0x00000006c9400000, 0x00000006c9400000| Untracked 
|  75|0x00000006c9600000, 0x00000006c9600000, 0x00000006c9800000|  0%| F|  |TAMS 0x00000006c9600000, 0x00000006c9600000| Untracked 
|  76|0x00000006c9800000, 0x00000006c9800000, 0x00000006c9a00000|  0%| F|  |TAMS 0x00000006c9800000, 0x00000006c9800000| Untracked 
|  77|0x00000006c9a00000, 0x00000006c9a00000, 0x00000006c9c00000|  0%| F|  |TAMS 0x00000006c9a00000, 0x00000006c9a00000| Untracked 
|  78|0x00000006c9c00000, 0x00000006c9c00000, 0x00000006c9e00000|  0%| F|  |TAMS 0x00000006c9c00000, 0x00000006c9c00000| Untracked 
|  79|0x00000006c9e00000, 0x00000006c9e00000, 0x00000006ca000000|  0%| F|  |TAMS 0x00000006c9e00000, 0x00000006c9e00000| Untracked 
|  80|0x00000006ca000000, 0x00000006ca000000, 0x00000006ca200000|  0%| F|  |TAMS 0x00000006ca000000, 0x00000006ca000000| Untracked 
|  81|0x00000006ca200000, 0x00000006ca200000, 0x00000006ca400000|  0%| F|  |TAMS 0x00000006ca200000, 0x00000006ca200000| Untracked 
|  82|0x00000006ca400000, 0x00000006ca400000, 0x00000006ca600000|  0%| F|  |TAMS 0x00000006ca400000, 0x00000006ca400000| Untracked 
|  83|0x00000006ca600000, 0x00000006ca600000, 0x00000006ca800000|  0%| F|  |TAMS 0x00000006ca600000, 0x00000006ca600000| Untracked 
|  84|0x00000006ca800000, 0x00000006ca800000, 0x00000006caa00000|  0%| F|  |TAMS 0x00000006ca800000, 0x00000006ca800000| Untracked 
|  85|0x00000006caa00000, 0x00000006caa00000, 0x00000006cac00000|  0%| F|  |TAMS 0x00000006caa00000, 0x00000006caa00000| Untracked 
|  86|0x00000006cac00000, 0x00000006cac00000, 0x00000006cae00000|  0%| F|  |TAMS 0x00000006cac00000, 0x00000006cac00000| Untracked 
|  87|0x00000006cae00000, 0x00000006cae00000, 0x00000006cb000000|  0%| F|  |TAMS 0x00000006cae00000, 0x00000006cae00000| Untracked 
|  88|0x00000006cb000000, 0x00000006cb000000, 0x00000006cb200000|  0%| F|  |TAMS 0x00000006cb000000, 0x00000006cb000000| Untracked 
|  89|0x00000006cb200000, 0x00000006cb200000, 0x00000006cb400000|  0%| F|  |TAMS 0x00000006cb200000, 0x00000006cb200000| Untracked 
|  90|0x00000006cb400000, 0x00000006cb400000, 0x00000006cb600000|  0%| F|  |TAMS 0x00000006cb400000, 0x00000006cb400000| Untracked 
|  91|0x00000006cb600000, 0x00000006cb600000, 0x00000006cb800000|  0%| F|  |TAMS 0x00000006cb600000, 0x00000006cb600000| Untracked 
|  92|0x00000006cb800000, 0x00000006cb800000, 0x00000006cba00000|  0%| F|  |TAMS 0x00000006cb800000, 0x00000006cb800000| Untracked 
|  93|0x00000006cba00000, 0x00000006cba00000, 0x00000006cbc00000|  0%| F|  |TAMS 0x00000006cba00000, 0x00000006cba00000| Untracked 
|  94|0x00000006cbc00000, 0x00000006cbc00000, 0x00000006cbe00000|  0%| F|  |TAMS 0x00000006cbc00000, 0x00000006cbc00000| Untracked 
|  95|0x00000006cbe00000, 0x00000006cbe00000, 0x00000006cc000000|  0%| F|  |TAMS 0x00000006cbe00000, 0x00000006cbe00000| Untracked 
|  96|0x00000006cc000000, 0x00000006cc000000, 0x00000006cc200000|  0%| F|  |TAMS 0x00000006cc000000, 0x00000006cc000000| Untracked 
|  97|0x00000006cc200000, 0x00000006cc200000, 0x00000006cc400000|  0%| F|  |TAMS 0x00000006cc200000, 0x00000006cc200000| Untracked 
|  98|0x00000006cc400000, 0x00000006cc400000, 0x00000006cc600000|  0%| F|  |TAMS 0x00000006cc400000, 0x00000006cc400000| Untracked 
|  99|0x00000006cc600000, 0x00000006cc600000, 0x00000006cc800000|  0%| F|  |TAMS 0x00000006cc600000, 0x00000006cc600000| Untracked 
| 100|0x00000006cc800000, 0x00000006cc800000, 0x00000006cca00000|  0%| F|  |TAMS 0x00000006cc800000, 0x00000006cc800000| Untracked 
| 101|0x00000006cca00000, 0x00000006cca00000, 0x00000006ccc00000|  0%| F|  |TAMS 0x00000006cca00000, 0x00000006cca00000| Untracked 
| 102|0x00000006ccc00000, 0x00000006ccc00000, 0x00000006cce00000|  0%| F|  |TAMS 0x00000006ccc00000, 0x00000006ccc00000| Untracked 
| 103|0x00000006cce00000, 0x00000006cce00000, 0x00000006cd000000|  0%| F|  |TAMS 0x00000006cce00000, 0x00000006cce00000| Untracked 
| 104|0x00000006cd000000, 0x00000006cd000000, 0x00000006cd200000|  0%| F|  |TAMS 0x00000006cd000000, 0x00000006cd000000| Untracked 
| 105|0x00000006cd200000, 0x00000006cd200000, 0x00000006cd400000|  0%| F|  |TAMS 0x00000006cd200000, 0x00000006cd200000| Untracked 
| 106|0x00000006cd400000, 0x00000006cd400000, 0x00000006cd600000|  0%| F|  |TAMS 0x00000006cd400000, 0x00000006cd400000| Untracked 
| 107|0x00000006cd600000, 0x00000006cd600000, 0x00000006cd800000|  0%| F|  |TAMS 0x00000006cd600000, 0x00000006cd600000| Untracked 
| 108|0x00000006cd800000, 0x00000006cd800000, 0x00000006cda00000|  0%| F|  |TAMS 0x00000006cd800000, 0x00000006cd800000| Untracked 
| 109|0x00000006cda00000, 0x00000006cda00000, 0x00000006cdc00000|  0%| F|  |TAMS 0x00000006cda00000, 0x00000006cda00000| Untracked 
| 110|0x00000006cdc00000, 0x00000006cdc00000, 0x00000006cde00000|  0%| F|  |TAMS 0x00000006cdc00000, 0x00000006cdc00000| Untracked 
| 111|0x00000006cde00000, 0x00000006cde00000, 0x00000006ce000000|  0%| F|  |TAMS 0x00000006cde00000, 0x00000006cde00000| Untracked 
| 112|0x00000006ce000000, 0x00000006ce000000, 0x00000006ce200000|  0%| F|  |TAMS 0x00000006ce000000, 0x00000006ce000000| Untracked 
| 113|0x00000006ce200000, 0x00000006ce200000, 0x00000006ce400000|  0%| F|  |TAMS 0x00000006ce200000, 0x00000006ce200000| Untracked 
| 114|0x00000006ce400000, 0x00000006ce400000, 0x00000006ce600000|  0%| F|  |TAMS 0x00000006ce400000, 0x00000006ce400000| Untracked 
| 115|0x00000006ce600000, 0x00000006ce600000, 0x00000006ce800000|  0%| F|  |TAMS 0x00000006ce600000, 0x00000006ce600000| Untracked 
| 116|0x00000006ce800000, 0x00000006ce800000, 0x00000006cea00000|  0%| F|  |TAMS 0x00000006ce800000, 0x00000006ce800000| Untracked 
| 117|0x00000006cea00000, 0x00000006cea00000, 0x00000006cec00000|  0%| F|  |TAMS 0x00000006cea00000, 0x00000006cea00000| Untracked 
| 118|0x00000006cec00000, 0x00000006cece80d0, 0x00000006cee00000| 45%| E|  |TAMS 0x00000006cec00000, 0x00000006cec00000| Complete 
| 119|0x00000006cee00000, 0x00000006cf000000, 0x00000006cf000000|100%| E|CS|TAMS 0x00000006cee00000, 0x00000006cee00000| Complete 
| 120|0x00000006cf000000, 0x00000006cf200000, 0x00000006cf200000|100%| E|CS|TAMS 0x00000006cf000000, 0x00000006cf000000| Complete 
| 121|0x00000006cf200000, 0x00000006cf400000, 0x00000006cf400000|100%| E|  |TAMS 0x00000006cf200000, 0x00000006cf200000| Complete 
| 122|0x00000006cf400000, 0x00000006cf600000, 0x00000006cf600000|100%| E|CS|TAMS 0x00000006cf400000, 0x00000006cf400000| Complete 
| 123|0x00000006cf600000, 0x00000006cf800000, 0x00000006cf800000|100%| E|CS|TAMS 0x00000006cf600000, 0x00000006cf600000| Complete 
| 124|0x00000006cf800000, 0x00000006cfa00000, 0x00000006cfa00000|100%| E|CS|TAMS 0x00000006cf800000, 0x00000006cf800000| Complete 
| 125|0x00000006cfa00000, 0x00000006cfc00000, 0x00000006cfc00000|100%| E|CS|TAMS 0x00000006cfa00000, 0x00000006cfa00000| Complete 
| 126|0x00000006cfc00000, 0x00000006cfe00000, 0x00000006cfe00000|100%| E|CS|TAMS 0x00000006cfc00000, 0x00000006cfc00000| Complete 
| 127|0x00000006cfe00000, 0x00000006d0000000, 0x00000006d0000000|100%| E|CS|TAMS 0x00000006cfe00000, 0x00000006cfe00000| Complete 

Card table byte_map: [0x000000011bd08000,0x000000011c508000] _byte_map_base: 0x0000000118708000

Marking Bits (Prev, Next): (CMBitMap*) 0x0000000137834010, (CMBitMap*) 0x0000000137834050
 Prev Bits: [0x000000011cd08000, 0x0000000120d08000)
 Next Bits: [0x0000000120d08000, 0x0000000124d08000)

Polling page: 0x0000000102478000

Metaspace:

Usage:
  Non-class:      9.30 MB used.
      Class:      1.03 MB used.
       Both:     10.33 MB used.

Virtual space:
  Non-class space:       16.00 MB reserved,       9.44 MB ( 59%) committed,  2 nodes.
      Class space:        1.00 GB reserved,       1.12 MB ( <1%) committed,  1 nodes.
              Both:        1.02 GB reserved,      10.56 MB (  1%) committed. 

Chunk freelists:
   Non-Class:  2.36 MB
       Class:  2.91 MB
        Both:  5.27 MB

MaxMetaspaceSize: 17179869184.00 GB
CompressedClassSpaceSize: 1.00 GB
 - commit_granule_bytes: 65536.
 - commit_granule_words: 8192.
 - virtual_space_node_default_size: 1048576.
 - enlarge_chunks_in_place: 1.
 - new_chunks_are_fully_committed: 0.
 - uncommit_free_chunks: 1.
 - use_allocation_guard: 0.
 - handle_deallocations: 1.


Internal statistics:

num_allocs_failed_limit: 0.
num_arena_births: 96.
num_arena_deaths: 0.
num_vsnodes_births: 3.
num_vsnodes_deaths: 0.
num_space_committed: 169.
num_space_uncommitted: 0.
num_chunks_returned_to_freelist: 0.
num_chunks_taken_from_freelist: 188.
num_chunk_merges: 0.
num_chunk_splits: 118.
num_chunks_enlarged: 89.
num_purges: 0.

CodeHeap 'non-profiled nmethods': size=120032Kb used=233Kb max_used=233Kb free=119798Kb
 bounds [0x00000001147d0000, 0x0000000114a40000, 0x000000011bd08000]
CodeHeap 'profiled nmethods': size=120016Kb used=1503Kb max_used=1503Kb free=118513Kb
 bounds [0x000000010d29c000, 0x000000010d50c000, 0x00000001147d0000]
CodeHeap 'non-nmethods': size=5712Kb used=1078Kb max_used=1110Kb free=4633Kb
 bounds [0x000000010cd08000, 0x000000010cf78000, 0x000000010d29c000]
 total_blobs=1168 nmethods=788 adapters=297
 compilation: enabled
              stopped_count=0, restarted_count=0
 full_count=0

Compilation events (20 events):
Event: 0.332 Thread 0x0000000138029400  787  s!   4       jdk.internal.loader.URLClassPath::getLoader (194 bytes)
Event: 0.333 Thread 0x0000000138029a00  789       3       java.lang.String::<init> (55 bytes)
Event: 0.333 Thread 0x0000000138029a00 nmethod 789 0x000000010d408310 code [0x000000010d408500, 0x000000010d4088f8]
Event: 0.333 Thread 0x0000000138029a00  790   !   3       java.lang.StringCoding::decode (362 bytes)
Event: 0.333 Thread 0x0000000138029a00 nmethod 790 0x000000010d408b10 code [0x000000010d409140, 0x000000010d40baf8]
Event: 0.333 Thread 0x0000000138029a00  791       3       java.util.jar.JarFile::getManifest (5 bytes)
Event: 0.334 Thread 0x0000000138029a00 nmethod 791 0x000000010d40c890 code [0x000000010d40ca40, 0x000000010d40cbd8]
Event: 0.334 Thread 0x0000000138029a00  792   !   3       java.util.regex.Pattern::closure (276 bytes)
Event: 0.334 Thread 0x0000000138029a00 nmethod 792 0x000000010d40cc90 code [0x000000010d40d200, 0x000000010d40edb8]
Event: 0.334 Thread 0x0000000138029a00  793       3       jdk.internal.jimage.ImageLocation::decompress (153 bytes)
Event: 0.335 Thread 0x0000000138029a00 nmethod 793 0x000000010d40f810 code [0x000000010d40fb80, 0x000000010d410b48]
Event: 0.335 Thread 0x0000000138029a00  794       3       java.util.Optional::empty (6 bytes)
Event: 0.335 Thread 0x0000000138029a00 nmethod 794 0x000000010d411110 code [0x000000010d4112c0, 0x000000010d4113a8]
Event: 0.335 Thread 0x0000000138029a00  795       3       java.util.concurrent.ConcurrentHashMap$BaseIterator::hasNext (13 bytes)
Event: 0.335 Thread 0x0000000138029a00 nmethod 795 0x000000010d411490 code [0x000000010d411640, 0x000000010d4117e8]
Event: 0.335 Thread 0x0000000138029a00  800       3       java.util.regex.Matcher::getTextLength (10 bytes)
Event: 0.335 Thread 0x0000000138029a00 nmethod 800 0x000000010d411890 code [0x000000010d411a40, 0x000000010d411c58]
Event: 0.335 Thread 0x0000000138029a00  796       3       java.nio.MappedByteBuffer::limit (6 bytes)
Event: 0.335 Thread 0x0000000138029a00 nmethod 796 0x000000010d411d10 code [0x000000010d411ec0, 0x000000010d412118]
Event: 0.335 Thread 0x0000000138029a00  797       3       java.nio.MappedByteBuffer::position (6 bytes)

GC Heap History (0 events):
No events

Deoptimization events (20 events):
Event: 0.326 Thread 0x000000013780b000 DEOPT PACKING pc=0x00000001147ec8bc sp=0x000000016dc99630
Event: 0.326 Thread 0x000000013780b000 DEOPT UNPACKING pc=0x000000010cd41d9c sp=0x000000016dc995c0 mode 2
Event: 0.326 Thread 0x000000013780b000 Uncommon trap: trap_request=0xffffffde fr.pc=0x00000001147eed34 relative=0x00000000000003b4
Event: 0.326 Thread 0x000000013780b000 Uncommon trap: reason=class_check action=maybe_recompile pc=0x00000001147eed34 method=java.util.regex.Matcher.match(II)Z @ 121 c2
Event: 0.326 Thread 0x000000013780b000 DEOPT PACKING pc=0x00000001147eed34 sp=0x000000016dc99680
Event: 0.326 Thread 0x000000013780b000 DEOPT UNPACKING pc=0x000000010cd41d9c sp=0x000000016dc99620 mode 2
Event: 0.326 Thread 0x000000013780b000 Uncommon trap: trap_request=0xffffffde fr.pc=0x00000001147eed34 relative=0x00000000000003b4
Event: 0.326 Thread 0x000000013780b000 Uncommon trap: reason=class_check action=maybe_recompile pc=0x00000001147eed34 method=java.util.regex.Matcher.match(II)Z @ 121 c2
Event: 0.326 Thread 0x000000013780b000 DEOPT PACKING pc=0x00000001147eed34 sp=0x000000016dc99680
Event: 0.326 Thread 0x000000013780b000 DEOPT UNPACKING pc=0x000000010cd41d9c sp=0x000000016dc99620 mode 2
Event: 0.326 Thread 0x000000013780b000 Uncommon trap: trap_request=0xffffffde fr.pc=0x00000001147eed34 relative=0x00000000000003b4
Event: 0.326 Thread 0x000000013780b000 Uncommon trap: reason=class_check action=maybe_recompile pc=0x00000001147eed34 method=java.util.regex.Matcher.match(II)Z @ 121 c2
Event: 0.326 Thread 0x000000013780b000 DEOPT PACKING pc=0x00000001147eed34 sp=0x000000016dc994f0
Event: 0.326 Thread 0x000000013780b000 DEOPT UNPACKING pc=0x000000010cd41d9c sp=0x000000016dc99490 mode 2
Event: 0.326 Thread 0x000000013780b000 Uncommon trap: trap_request=0xffffffde fr.pc=0x00000001147eed34 relative=0x00000000000003b4
Event: 0.326 Thread 0x000000013780b000 Uncommon trap: reason=class_check action=maybe_recompile pc=0x00000001147eed34 method=java.util.regex.Matcher.match(II)Z @ 121 c2
Event: 0.326 Thread 0x000000013780b000 DEOPT PACKING pc=0x00000001147eed34 sp=0x000000016dc994f0
Event: 0.326 Thread 0x000000013780b000 DEOPT UNPACKING pc=0x000000010cd41d9c sp=0x000000016dc99490 mode 2
Event: 0.334 Thread 0x000000013780b000 DEOPT PACKING pc=0x000000010d34e98c sp=0x000000016dc98960
Event: 0.334 Thread 0x000000013780b000 DEOPT UNPACKING pc=0x000000010cd41bfc sp=0x000000016dc98790 mode 3

Classes unloaded (0 events):
No events

Classes redefined (0 events):
No events

Internal exceptions (20 events):
Event: 0.167 Thread 0x000000013780b000 Exception <a 'java/lang/NoSuchMethodError'{0x00000006cfc03be8}: 'java.lang.Object java.lang.invoke.DirectMethodHandle$Holder.getReference(java.lang.Object, java.lang.Object)'> (0x00000006cfc03be8) 
thrown [src/hotspot/share/interpreter/linkResolver.cpp, line 790]
Event: 0.167 Thread 0x000000013780b000 Exception <a 'java/lang/NoSuchMethodError'{0x00000006cfc07e78}: 'java.lang.Object java.lang.invoke.LambdaForm$Holder.identity_L(java.lang.Object, java.lang.Object)'> (0x00000006cfc07e78) 
thrown [src/hotspot/share/interpreter/linkResolver.cpp, line 790]
Event: 0.167 Thread 0x000000013780b000 Exception <a 'java/lang/NoSuchMethodError'{0x00000006cfc0adb8}: 'java.lang.Object java.lang.invoke.LambdaForm$Holder.zero_L(java.lang.Object)'> (0x00000006cfc0adb8) 
thrown [src/hotspot/share/interpreter/linkResolver.cpp, line 790]
Event: 0.168 Thread 0x000000013780b000 Exception <a 'java/lang/NoSuchMethodError'{0x00000006cfc11520}: 'java.lang.Object java.lang.invoke.DirectMethodHandle$Holder.invokeSpecial(java.lang.Object, java.lang.Object)'> (0x00000006cfc11520) 
thrown [src/hotspot/share/interpreter/linkResolver.cpp, line 790]
Event: 0.168 Thread 0x000000013780b000 Exception <a 'java/lang/NoSuchMethodError'{0x00000006cfc14e00}: 'java.lang.Object java.lang.invoke.Invokers$Holder.linkToTargetMethod(java.lang.Object)'> (0x00000006cfc14e00) 
thrown [src/hotspot/share/interpreter/linkResolver.cpp, line 790]
Event: 0.197 Thread 0x000000013780b000 Exception <a 'java/lang/NoSuchMethodError'{0x00000006cfcc90d8}: 'java.lang.Object java.lang.invoke.DirectMethodHandle$Holder.newInvokeSpecial(java.lang.Object, java.lang.Object)'> (0x00000006cfcc90d8) 
thrown [src/hotspot/share/interpreter/linkResolver.cpp, line 790]
Event: 0.197 Thread 0x000000013780b000 Exception <a 'java/lang/NoSuchMethodError'{0x00000006cfccd020}: 'java.lang.Object java.lang.invoke.DirectMethodHandle$Holder.invokeSpecial(java.lang.Object, java.lang.Object, java.lang.Object)'> (0x00000006cfccd020) 
thrown [src/hotspot/share/interpreter/linkResolver.cpp, line 790]
Event: 0.198 Thread 0x000000013780b000 Exception <a 'java/lang/NoSuchMethodError'{0x00000006cfcd07b0}: 'java.lang.Object java.lang.invoke.Invokers$Holder.linkToTargetMethod(java.lang.Object, java.lang.Object)'> (0x00000006cfcd07b0) 
thrown [src/hotspot/share/interpreter/linkResolver.cpp, line 790]
Event: 0.201 Thread 0x000000013780b000 Exception <a 'java/lang/NoSuchMethodError'{0x00000006cfcf13b0}: 'java.lang.Object java.lang.invoke.DirectMethodHandle$Holder.invokeStatic(java.lang.Object, java.lang.Object)'> (0x00000006cfcf13b0) 
thrown [src/hotspot/share/interpreter/linkResolver.cpp, line 790]
Event: 0.206 Thread 0x000000013780b000 Exception <a 'java/lang/NoSuchMethodError'{0x00000006cfd111d0}: 'int java.lang.invoke.DirectMethodHandle$Holder.invokeSpecial(java.lang.Object, java.lang.Object)'> (0x00000006cfd111d0) 
thrown [src/hotspot/share/interpreter/linkResolver.cpp, line 790]
Event: 0.207 Thread 0x000000013780b000 Exception <a 'java/lang/NoSuchMethodError'{0x00000006cfd17480}: 'java.lang.Object java.lang.invoke.DirectMethodHandle$Holder.newInvokeSpecial(java.lang.Object)'> (0x00000006cfd17480) 
thrown [src/hotspot/share/interpreter/linkResolver.cpp, line 790]
Event: 0.221 Thread 0x000000013780b000 Exception <a 'java/lang/NoSuchMethodError'{0x00000006cfa30368}: 'int java.lang.invoke.DirectMethodHandle$Holder.invokeStatic(java.lang.Object, java.lang.Object)'> (0x00000006cfa30368) 
thrown [src/hotspot/share/interpreter/linkResolver.cpp, line 790]
Event: 0.221 Thread 0x000000013780b000 Exception <a 'java/lang/NoSuchMethodError'{0x00000006cfa33980}: 'int java.lang.invoke.DirectMethodHandle$Holder.invokeStaticInit(java.lang.Object, java.lang.Object)'> (0x00000006cfa33980) 
thrown [src/hotspot/share/interpreter/linkResolver.cpp, line 790]
Event: 0.307 Thread 0x000000013780b000 Exception <a 'java/lang/NoSuchMethodError'{0x00000006cf1f0f60}: 'java.lang.Object java.lang.invoke.DirectMethodHandle$Holder.invokeStatic(java.lang.Object, java.lang.Object, java.lang.Object, java.lang.Object, java.lang.Object, java.lang.Object)'> (0x00000006cf1f0f60) 
thrown [src/hotspot/share/interpreter/linkResolver.cpp, line 790]
Event: 0.308 Thread 0x000000013780b000 Exception <a 'java/lang/NoSuchMethodError'{0x00000006cf1f5670}: 'java.lang.Object java.lang.invoke.DirectMethodHandle$Holder.invokeSpecial(java.lang.Object, java.lang.Object, java.lang.Object, java.lang.Object, java.lang.Object, java.lang.Object, java.lang.Object)'> (0x00000006cf1f5670) 
thrown [src/hotspot/share/interpreter/linkResolver.cpp, line 790]
Event: 0.308 Thread 0x000000013780b000 Exception <a 'java/lang/NoSuchMethodError'{0x00000006cf1f9ca0}: 'java.lang.Object java.lang.invoke.DelegatingMethodHandle$Holder.delegate(java.lang.Object, java.lang.Object, java.lang.Object, java.lang.Object, java.lang.Object, java.lang.Object)'> (0x00000006cf1f9ca0) 
thrown [src/hotspot/share/interpreter/linkResolver.cpp, line 790]
Event: 0.308 Thread 0x000000013780b000 Exception <a 'java/lang/NoSuchMethodError'{0x00000006cf1fe598}: 'java.lang.Object java.lang.invoke.Invokers$Holder.invokeExact_MT(java.lang.Object, java.lang.Object, java.lang.Object, java.lang.Object, java.lang.Object, java.lang.Object, java.lang.Object)'> (0x00000006cf1fe598) 
thrown [src/hotspot/share/interpreter/linkResolver.cpp, line 790]
Event: 0.309 Thread 0x000000013780b000 Exception <a 'java/lang/NoSuchMethodError'{0x00000006cee15df0}: 'java.lang.Object java.lang.invoke.DirectMethodHandle$Holder.invokeStatic(java.lang.Object, java.lang.Object, java.lang.Object, java.lang.Object, java.lang.Object)'> (0x00000006cee15df0) 
thrown [src/hotspot/share/interpreter/linkResolver.cpp, line 790]
Event: 0.327 Thread 0x000000013780b000 Exception <a 'java/lang/NoSuchMethodError'{0x00000006cec40440}: 'void java.lang.invoke.DirectMethodHandle$Holder.invokeStatic(java.lang.Object, java.lang.Object)'> (0x00000006cec40440) 
thrown [src/hotspot/share/interpreter/linkResolver.cpp, line 790]
Event: 0.335 Thread 0x000000013780b000 Exception <a 'java/lang/NoClassDefFoundError'{0x00000006cecd2a88}: org/slf4j/impl/StaticMarkerBinder> (0x00000006cecd2a88) 
thrown [src/hotspot/share/classfile/systemDictionary.cpp, line 245]

Events (20 events):
Event: 0.330 loading class sun/reflect/generics/reflectiveObjects/LazyReflectiveObjectGenerator done
Event: 0.330 loading class sun/reflect/generics/reflectiveObjects/TypeVariableImpl done
Event: 0.330 loading class java/lang/reflect/WildcardType
Event: 0.330 loading class java/lang/reflect/WildcardType done
Event: 0.331 loading class java/util/MissingResourceException
Event: 0.331 loading class java/util/MissingResourceException done
Event: 0.331 loading class java/util/logging/ErrorManager
Event: 0.331 loading class java/util/logging/ErrorManager done
Event: 0.333 loading class java/io/StringWriter
Event: 0.333 loading class java/io/StringWriter done
Event: 0.333 loading class java/text/ParseException
Event: 0.333 loading class java/text/ParseException done
Event: 0.334 loading class java/util/regex/Pattern$Curly
Event: 0.334 loading class java/util/regex/Pattern$Curly done
Event: 0.334 loading class java/util/regex/Pattern$Loop
Event: 0.334 loading class java/util/regex/Pattern$Loop done
Event: 0.334 loading class java/util/regex/Pattern$Prolog
Event: 0.334 loading class java/util/regex/Pattern$Prolog done
Event: 0.334 loading class java/net/URLClassLoader$2
Event: 0.334 loading class java/net/URLClassLoader$2 done


Dynamic libraries:
0x0000000102428000 	/Library/Java/JavaVirtualMachines/zulu-16.jdk/Contents/Home/lib/libjli.dylib
0x00000001a984b000 	/usr/lib/libz.1.dylib
0x00000001a98fb000 	/usr/lib/libSystem.B.dylib
0x00000001a98f5000 	/usr/lib/system/libcache.dylib
0x00000001a98b3000 	/usr/lib/system/libcommonCrypto.dylib
0x00000001a98dc000 	/usr/lib/system/libcompiler_rt.dylib
0x00000001a98d3000 	/usr/lib/system/libcopyfile.dylib
0x000000019ec3e000 	/usr/lib/system/libcorecrypto.dylib
0x000000019ece3000 	/usr/lib/system/libdispatch.dylib
0x000000019eeab000 	/usr/lib/system/libdyld.dylib
0x00000001a98eb000 	/usr/lib/system/libkeymgr.dylib
0x00000001a9895000 	/usr/lib/system/libmacho.dylib
0x00000001a8f99000 	/usr/lib/system/libquarantine.dylib
0x00000001a98e8000 	/usr/lib/system/libremovefile.dylib
0x00000001a403a000 	/usr/lib/system/libsystem_asl.dylib
0x000000019ebe8000 	/usr/lib/system/libsystem_blocks.dylib
0x000000019ed69000 	/usr/lib/system/libsystem_c.dylib
0x00000001a98e0000 	/usr/lib/system/libsystem_collections.dylib
0x00000001a8458000 	/usr/lib/system/libsystem_configuration.dylib
0x00000001a76dc000 	/usr/lib/system/libsystem_containermanager.dylib
0x00000001a95fc000 	/usr/lib/system/libsystem_coreservices.dylib
0x00000001a15cf000 	/usr/lib/system/libsystem_darwin.dylib
0x00000001a98ec000 	/usr/lib/system/libsystem_dnssd.dylib
0x000000019ed66000 	/usr/lib/system/libsystem_featureflags.dylib
0x000000019eec0000 	/usr/lib/system/libsystem_info.dylib
0x00000001a985d000 	/usr/lib/system/libsystem_m.dylib
0x000000019ecb8000 	/usr/lib/system/libsystem_malloc.dylib
0x00000001a3fcb000 	/usr/lib/system/libsystem_networkextension.dylib
0x00000001a1a23000 	/usr/lib/system/libsystem_notify.dylib
0x00000001afb01000 	/usr/lib/system/libsystem_product_info_filter.dylib
0x00000001a845d000 	/usr/lib/system/libsystem_sandbox.dylib
0x00000001a98e5000 	/usr/lib/system/libsystem_secinit.dylib
0x000000019ee68000 	/usr/lib/system/libsystem_kernel.dylib
0x000000019eeb8000 	/usr/lib/system/libsystem_platform.dylib
0x000000019ee9e000 	/usr/lib/system/libsystem_pthread.dylib
0x00000001a5774000 	/usr/lib/system/libsystem_symptoms.dylib
0x000000019ec24000 	/usr/lib/system/libsystem_trace.dylib
0x00000001a98c0000 	/usr/lib/system/libunwind.dylib
0x000000019ebea000 	/usr/lib/system/libxpc.dylib
0x000000019ee4e000 	/usr/lib/libc++abi.dylib
0x000000019ed2a000 	/usr/lib/libobjc.A.dylib
0x00000001a98cb000 	/usr/lib/liboah.dylib
0x000000019edea000 	/usr/lib/libc++.1.dylib
0x00000001b54fc000 	/System/Library/Frameworks/Cocoa.framework/Versions/A/Cocoa
0x00000001a1a83000 	/System/Library/Frameworks/AppKit.framework/Versions/C/AppKit
0x00000001a4fb3000 	/System/Library/Frameworks/CoreData.framework/Versions/A/CoreData
0x000000019fde0000 	/System/Library/Frameworks/Foundation.framework/Versions/C/Foundation
0x00000001a2937000 	/System/Library/PrivateFrameworks/UIFoundation.framework/Versions/A/UIFoundation
0x00000001af7fb000 	/System/Library/PrivateFrameworks/RemoteViewServices.framework/Versions/A/RemoteViewServices
0x00000001a7e16000 	/System/Library/PrivateFrameworks/XCTTargetBootstrap.framework/Versions/A/XCTTargetBootstrap
0x00000001ab5fc000 	/System/Library/PrivateFrameworks/InternationalSupport.framework/Versions/A/InternationalSupport
0x00000001ab685000 	/System/Library/PrivateFrameworks/UserActivity.framework/Versions/A/UserActivity
0x00000001aab2a000 	/usr/lib/libspindump.dylib
0x00000001a2ba7000 	/System/Library/Frameworks/UniformTypeIdentifiers.framework/Versions/A/UniformTypeIdentifiers
0x00000001a63a3000 	/usr/lib/libapp_launch_measurement.dylib
0x00000001a591b000 	/System/Library/PrivateFrameworks/CoreAnalytics.framework/Versions/A/CoreAnalytics
0x00000001a63a6000 	/System/Library/PrivateFrameworks/CoreAutoLayout.framework/Versions/A/CoreAutoLayout
0x00000001a7719000 	/System/Library/Frameworks/Metal.framework/Versions/A/Metal
0x00000001a8468000 	/usr/lib/liblangid.dylib
0x00000001a7e1a000 	/System/Library/PrivateFrameworks/CoreSVG.framework/Versions/A/CoreSVG
0x00000001a406e000 	/System/Library/PrivateFrameworks/SkyLight.framework/Versions/A/SkyLight
0x00000001a4438000 	/System/Library/Frameworks/CoreGraphics.framework/Versions/A/CoreGraphics
0x00000001afe78000 	/System/Library/Frameworks/Accelerate.framework/Versions/A/Accelerate
0x00000001aa59e000 	/System/Library/PrivateFrameworks/IconServices.framework/Versions/A/IconServices
0x00000001a76fb000 	/System/Library/Frameworks/IOSurface.framework/Versions/A/IOSurface
0x00000001a594b000 	/usr/lib/libDiagnosticMessagesClient.dylib
0x00000001b32bf000 	/System/Library/Frameworks/ApplicationServices.framework/Versions/A/ApplicationServices
0x00000001a7dfe000 	/System/Library/PrivateFrameworks/DFRFoundation.framework/Versions/A/DFRFoundation
0x00000001a1324000 	/usr/lib/libicucore.A.dylib
0x00000001ac3fd000 	/System/Library/Frameworks/AudioToolbox.framework/Versions/A/AudioToolbox
0x00000001ab608000 	/System/Library/PrivateFrameworks/DataDetectorsCore.framework/Versions/A/DataDetectorsCore
0x00000001c173a000 	/System/Library/PrivateFrameworks/TextInput.framework/Versions/A/TextInput
0x00000001a3fe5000 	/usr/lib/libMobileGestalt.dylib
0x00000001a7ace000 	/System/Library/Frameworks/Carbon.framework/Versions/A/Frameworks/HIToolbox.framework/Versions/A/HIToolbox
0x00000001a5dac000 	/System/Library/Frameworks/QuartzCore.framework/Versions/A/QuartzCore
0x00000001a0fa1000 	/System/Library/Frameworks/Security.framework/Versions/A/Security
0x00000001af83b000 	/System/Library/Frameworks/Carbon.framework/Versions/A/Frameworks/SpeechRecognition.framework/Versions/A/SpeechRecognition
0x00000001a60fa000 	/System/Library/PrivateFrameworks/CoreUI.framework/Versions/A/CoreUI
0x00000001a0872000 	/System/Library/Frameworks/CoreAudio.framework/Versions/A/CoreAudio
0x00000001a5a3f000 	/System/Library/Frameworks/DiskArbitration.framework/Versions/A/DiskArbitration
0x00000001aaf0f000 	/System/Library/PrivateFrameworks/MultitouchSupport.framework/Versions/A/MultitouchSupport
0x00000001a3fe3000 	/usr/lib/libenergytrace.dylib
0x00000001a194d000 	/System/Library/Frameworks/IOKit.framework/Versions/A/IOKit
0x00000001afc24000 	/System/Library/Frameworks/CoreServices.framework/Versions/A/CoreServices
0x00000001a6333000 	/System/Library/PrivateFrameworks/PerformanceAnalysis.framework/Versions/A/PerformanceAnalysis
0x00000002002ad000 	/System/Library/Frameworks/OpenGL.framework/Versions/A/OpenGL
0x00000001a8eb9000 	/System/Library/PrivateFrameworks/MobileKeyBag.framework/Versions/A/MobileKeyBag
0x00000001a4a48000 	/System/Library/Frameworks/ColorSync.framework/Versions/A/ColorSync
0x000000019eeec000 	/System/Library/Frameworks/CoreFoundation.framework/Versions/A/CoreFoundation
0x00000001a809b000 	/System/Library/Frameworks/CoreImage.framework/Versions/A/CoreImage
0x00000001a0695000 	/System/Library/Frameworks/CoreText.framework/Versions/A/CoreText
0x00000001a7e4a000 	/System/Library/Frameworks/ImageIO.framework/Versions/A/ImageIO
0x00000001a9901000 	/System/Library/PrivateFrameworks/SoftLinking.framework/Versions/A/SoftLinking
0x00000001a63f0000 	/usr/lib/libxml2.2.dylib
0x00000001a9b9a000 	/usr/lib/libcompression.dylib
0x00000001ab555000 	/System/Library/PrivateFrameworks/TextureIO.framework/Versions/A/TextureIO
0x00000001aa2b8000 	/usr/lib/libate.dylib
0x00000001aa180000 	/usr/lib/liblzma.5.dylib
0x000000019fad4000 	/System/Library/Frameworks/SystemConfiguration.framework/Versions/A/SystemConfiguration
0x00000001a98fd000 	/usr/lib/libfakelink.dylib
0x00000001a3b12000 	/System/Library/Frameworks/CFNetwork.framework/Versions/A/CFNetwork
0x00000001a9a44000 	/usr/lib/libarchive.2.dylib
0x00000001a8464000 	/System/Library/PrivateFrameworks/AppleSystemInfo.framework/Versions/A/AppleSystemInfo
0x00000001a8fc4000 	/usr/lib/libbsm.0.dylib
0x00000001a304a000 	/usr/lib/libnetwork.dylib
0x00000001a989b000 	/usr/lib/system/libkxld.dylib
0x00000001a8bdb000 	/System/Library/PrivateFrameworks/IOMobileFramebuffer.framework/Versions/A/IOMobileFramebuffer
0x000000021c012000 	/usr/lib/libCoreEntitlements.dylib
0x00000001a95de000 	/System/Library/PrivateFrameworks/AppleFSCompression.framework/Versions/A/AppleFSCompression
0x00000001a8fac000 	/usr/lib/libcoretls.dylib
0x00000001aa199000 	/usr/lib/libcoretls_cfhelpers.dylib
0x00000001a9b95000 	/usr/lib/libpam.2.dylib
0x00000001a539c000 	/usr/lib/libsqlite3.dylib
0x00000001aa201000 	/usr/lib/libxar.1.dylib
0x00000001a95ef000 	/usr/lib/libbz2.1.0.dylib
0x00000001a9902000 	/usr/lib/libpcap.A.dylib
0x00000001a576b000 	/usr/lib/libdns_services.dylib
0x00000001a9b68000 	/usr/lib/libapple_nghttp2.dylib
0x00000001a993f000 	/usr/lib/libiconv.2.dylib
0x00000001a9894000 	/usr/lib/libcharset.1.dylib
0x00000001a636f000 	/System/Library/Frameworks/CoreServices.framework/Versions/A/Frameworks/FSEvents.framework/Versions/A/FSEvents
0x00000001a15da000 	/System/Library/Frameworks/CoreServices.framework/Versions/A/Frameworks/CarbonCore.framework/Versions/A/CarbonCore
0x00000001a59a2000 	/System/Library/Frameworks/CoreServices.framework/Versions/A/Frameworks/Metadata.framework/Versions/A/Metadata
0x00000001a9602000 	/System/Library/Frameworks/CoreServices.framework/Versions/A/Frameworks/OSServices.framework/Versions/A/OSServices
0x00000001a9aca000 	/System/Library/Frameworks/CoreServices.framework/Versions/A/Frameworks/SearchKit.framework/Versions/A/SearchKit
0x00000001a56f9000 	/System/Library/Frameworks/CoreServices.framework/Versions/A/Frameworks/AE.framework/Versions/A/AE
0x000000019f430000 	/System/Library/Frameworks/CoreServices.framework/Versions/A/Frameworks/LaunchServices.framework/Versions/A/LaunchServices
0x00000001aa129000 	/System/Library/Frameworks/CoreServices.framework/Versions/A/Frameworks/DictionaryServices.framework/Versions/A/DictionaryServices
0x00000001a637c000 	/System/Library/Frameworks/CoreServices.framework/Versions/A/Frameworks/SharedFileList.framework/Versions/A/SharedFileList
0x00000001a8f9c000 	/usr/lib/libCheckFix.dylib
0x00000001a4052000 	/System/Library/PrivateFrameworks/TCC.framework/Versions/A/TCC
0x00000001a846a000 	/System/Library/PrivateFrameworks/CoreNLP.framework/Versions/A/CoreNLP
0x00000001a594e000 	/System/Library/PrivateFrameworks/MetadataUtilities.framework/Versions/A/MetadataUtilities
0x000000019fb8d000 	/usr/lib/libmecabra.dylib
0x00000001a8fd5000 	/usr/lib/libmecab.dylib
0x000000019fb59000 	/usr/lib/libCRFSuite.dylib
0x00000001a9033000 	/usr/lib/libgermantok.dylib
0x00000001a9b41000 	/usr/lib/libThaiTokenizer.dylib
0x00000001a5a47000 	/System/Library/Frameworks/Accelerate.framework/Versions/A/Frameworks/vImage.framework/Versions/A/vImage
0x00000001afbfb000 	/System/Library/Frameworks/Accelerate.framework/Versions/A/Frameworks/vecLib.framework/Versions/A/vecLib
0x00000001aa245000 	/System/Library/Frameworks/Accelerate.framework/Versions/A/Frameworks/vecLib.framework/Versions/A/libvMisc.dylib
0x00000001a8ae5000 	/System/Library/Frameworks/Accelerate.framework/Versions/A/Frameworks/vecLib.framework/Versions/A/libvDSP.dylib
0x000000019f7b3000 	/System/Library/Frameworks/Accelerate.framework/Versions/A/Frameworks/vecLib.framework/Versions/A/libBLAS.dylib
0x00000001a9c69000 	/System/Library/Frameworks/Accelerate.framework/Versions/A/Frameworks/vecLib.framework/Versions/A/libLAPACK.dylib
0x00000001a9036000 	/System/Library/Frameworks/Accelerate.framework/Versions/A/Frameworks/vecLib.framework/Versions/A/libLinearAlgebra.dylib
0x00000001a9b80000 	/System/Library/Frameworks/Accelerate.framework/Versions/A/Frameworks/vecLib.framework/Versions/A/libSparseBLAS.dylib
0x00000001a9c64000 	/System/Library/Frameworks/Accelerate.framework/Versions/A/Frameworks/vecLib.framework/Versions/A/libQuadrature.dylib
0x00000001a8561000 	/System/Library/Frameworks/Accelerate.framework/Versions/A/Frameworks/vecLib.framework/Versions/A/libBNNS.dylib
0x000000019fa71000 	/System/Library/Frameworks/Accelerate.framework/Versions/A/Frameworks/vecLib.framework/Versions/A/libSparse.dylib
0x00000001a8559000 	/System/Library/PrivateFrameworks/LinguisticData.framework/Versions/A/LinguisticData
0x000000019fa27000 	/System/Library/PrivateFrameworks/Lexicon.framework/Versions/A/Lexicon
0x00000001aa23d000 	/usr/lib/libChineseTokenizer.dylib
0x00000001a01ce000 	/System/Library/PrivateFrameworks/LanguageModeling.framework/Versions/A/LanguageModeling
0x00000001a9b43000 	/System/Library/PrivateFrameworks/AppleSauce.framework/Versions/A/AppleSauce
0x00000001a8bc8000 	/System/Library/PrivateFrameworks/CoreEmoji.framework/Versions/A/CoreEmoji
0x00000001a9a32000 	/usr/lib/libcmph.dylib
0x00000001a634f000 	/System/Library/Frameworks/OpenDirectory.framework/Versions/A/Frameworks/CFOpenDirectory.framework/Versions/A/CFOpenDirectory
0x00000001a633f000 	/System/Library/Frameworks/OpenDirectory.framework/Versions/A/OpenDirectory
0x00000001aa19b000 	/System/Library/PrivateFrameworks/APFS.framework/Versions/A/APFS
0x00000001a8ef4000 	/System/Library/Frameworks/SecurityFoundation.framework/Versions/A/SecurityFoundation
0x00000001aa20f000 	/usr/lib/libutil.dylib
0x00000001a190f000 	/System/Library/PrivateFrameworks/CoreServicesStore.framework/Versions/A/CoreServicesStore
0x00000001aa213000 	/usr/lib/libxslt.1.dylib
0x00000001a8f88000 	/System/Library/PrivateFrameworks/BackgroundTaskManagement.framework/Versions/A/BackgroundTaskManagement
0x00000001ab476000 	/System/Library/Frameworks/ImageIO.framework/Versions/A/Resources/libRadiance.dylib
0x00000001ab47f000 	/System/Library/Frameworks/ImageIO.framework/Versions/A/Resources/libJPEG.dylib
0x00000001ab3d1000 	/System/Library/Frameworks/ImageIO.framework/Versions/A/Resources/libPng.dylib
0x00000001ab3f3000 	/System/Library/Frameworks/ImageIO.framework/Versions/A/Resources/libTIFF.dylib
0x00000001ab4da000 	/System/Library/Frameworks/ImageIO.framework/Versions/A/Resources/libGIF.dylib
0x00000001aae1f000 	/System/Library/Frameworks/ImageIO.framework/Versions/A/Resources/libJP2.dylib
0x00000001aa564000 	/usr/lib/libexpat.1.dylib
0x00000001aadda000 	/System/Library/PrivateFrameworks/AppleJPEG.framework/Versions/A/AppleJPEG
0x00000001a798d000 	/System/Library/PrivateFrameworks/FontServices.framework/libFontParser.dylib
0x00000001a569e000 	/System/Library/PrivateFrameworks/RunningBoardServices.framework/Versions/A/RunningBoardServices
0x00000001b5b6f000 	/System/Library/PrivateFrameworks/IOSurfaceAccelerator.framework/Versions/A/IOSurfaceAccelerator
0x00000001aaf0b000 	/System/Library/PrivateFrameworks/WatchdogClient.framework/Versions/A/WatchdogClient
0x00000001a02d2000 	/System/Library/Frameworks/CoreDisplay.framework/Versions/A/CoreDisplay
0x00000001a787b000 	/System/Library/Frameworks/CoreMedia.framework/Versions/A/CoreMedia
0x00000001a770f000 	/System/Library/PrivateFrameworks/IOAccelerator.framework/Versions/A/IOAccelerator
0x00000001a64dd000 	/System/Library/Frameworks/CoreVideo.framework/Versions/A/CoreVideo
0x00000001a9b93000 	/System/Library/Frameworks/MetalPerformanceShaders.framework/Versions/A/MetalPerformanceShaders
0x00000001aaf48000 	/System/Library/Frameworks/VideoToolbox.framework/Versions/A/VideoToolbox
0x00000001a55e2000 	/System/Library/PrivateFrameworks/BaseBoard.framework/Versions/A/BaseBoard
0x00000001a5381000 	/System/Library/PrivateFrameworks/ProtocolBuffer.framework/Versions/A/ProtocolBuffer
0x00000001ab471000 	/System/Library/PrivateFrameworks/GPUWrangler.framework/Versions/A/GPUWrangler
0x00000001ab450000 	/System/Library/PrivateFrameworks/IOPresentment.framework/Versions/A/IOPresentment
0x00000001ab479000 	/System/Library/PrivateFrameworks/DSExternalDisplay.framework/Versions/A/DSExternalDisplay
0x00000002002a0000 	/System/Library/Frameworks/OpenGL.framework/Versions/A/Libraries/libCoreFSCache.dylib
0x0000000209a61000 	/System/Library/PrivateFrameworks/GPUCompiler.framework/Versions/31001/Libraries/libGPUCompilerUtils.dylib
0x00000001ab4df000 	/System/Library/PrivateFrameworks/CMCaptureCore.framework/Versions/A/CMCaptureCore
0x00000001aab18000 	/System/Library/PrivateFrameworks/AppServerSupport.framework/Versions/A/AppServerSupport
0x00000001accb8000 	/System/Library/PrivateFrameworks/perfdata.framework/Versions/A/perfdata
0x00000001a03f2000 	/System/Library/PrivateFrameworks/AudioToolboxCore.framework/Versions/A/AudioToolboxCore
0x00000001a7853000 	/System/Library/PrivateFrameworks/caulk.framework/Versions/A/caulk
0x00000001ac5ad000 	/usr/lib/libAudioStatistics.dylib
0x00000001bdeb3000 	/System/Library/PrivateFrameworks/SystemPolicy.framework/Versions/A/SystemPolicy
0x00000001ac80d000 	/usr/lib/libSMC.dylib
0x00000001b53de000 	/System/Library/Frameworks/CoreMIDI.framework/Versions/A/CoreMIDI
0x00000001ab39f000 	/usr/lib/libAudioToolboxUtility.dylib
0x00000001ba2ec000 	/System/Library/PrivateFrameworks/OSAServicesClient.framework/Versions/A/OSAServicesClient
0x00000001accc5000 	/usr/lib/libperfcheck.dylib
0x00000001be9b6000 	/usr/lib/libmis.dylib
0x0000000200301000 	/System/Library/Frameworks/OpenGL.framework/Versions/A/Libraries/libGLU.dylib
0x00000002002c0000 	/System/Library/Frameworks/OpenGL.framework/Versions/A/Libraries/libGFXShared.dylib
0x00000002004aa000 	/System/Library/Frameworks/OpenGL.framework/Versions/A/Libraries/libGL.dylib
0x00000002002c9000 	/System/Library/Frameworks/OpenGL.framework/Versions/A/Libraries/libGLImage.dylib
0x00000002002bd000 	/System/Library/Frameworks/OpenGL.framework/Versions/A/Libraries/libCVMSPluginSupport.dylib
0x00000002002a7000 	/System/Library/Frameworks/OpenGL.framework/Versions/A/Libraries/libCoreVMClient.dylib
0x00000001a83e5000 	/System/Library/Frameworks/MetalPerformanceShaders.framework/Versions/A/Frameworks/MPSCore.framework/Versions/A/MPSCore
0x00000001a9551000 	/System/Library/Frameworks/MetalPerformanceShaders.framework/Versions/A/Frameworks/MPSImage.framework/Versions/A/MPSImage
0x00000001a904b000 	/System/Library/Frameworks/MetalPerformanceShaders.framework/Versions/A/Frameworks/MPSNeuralNetwork.framework/Versions/A/MPSNeuralNetwork
0x00000001a9488000 	/System/Library/Frameworks/MetalPerformanceShaders.framework/Versions/A/Frameworks/MPSMatrix.framework/Versions/A/MPSMatrix
0x00000001a9263000 	/System/Library/Frameworks/MetalPerformanceShaders.framework/Versions/A/Frameworks/MPSRayIntersector.framework/Versions/A/MPSRayIntersector
0x00000001a94b9000 	/System/Library/Frameworks/MetalPerformanceShaders.framework/Versions/A/Frameworks/MPSNDArray.framework/Versions/A/MPSNDArray
0x0000000201fd7000 	/System/Library/Frameworks/MetalPerformanceShaders.framework/Versions/A/Frameworks/MPSFunctions.framework/Versions/A/MPSFunctions
0x000000019f691000 	/System/Library/PrivateFrameworks/MetalTools.framework/Versions/A/MetalTools
0x00000001a8462000 	/System/Library/PrivateFrameworks/AggregateDictionary.framework/Versions/A/AggregateDictionary
0x00000001aa34a000 	/usr/lib/libIOReport.dylib
0x00000001b43c5000 	/System/Library/PrivateFrameworks/ASEProcessing.framework/Versions/A/ASEProcessing
0x00000001aa6bd000 	/System/Library/PrivateFrameworks/FaceCore.framework/Versions/A/FaceCore
0x00000001aa6af000 	/System/Library/PrivateFrameworks/GraphVisualizer.framework/Versions/A/GraphVisualizer
0x0000000209978000 	/System/Library/PrivateFrameworks/FontServices.framework/Versions/A/FontServices
0x00000001aaad2000 	/System/Library/PrivateFrameworks/OTSVG.framework/Versions/A/OTSVG
0x00000001a60ab000 	/System/Library/Frameworks/ApplicationServices.framework/Versions/A/Frameworks/ATS.framework/Versions/A/Resources/libFontRegistry.dylib
0x00000001aab21000 	/System/Library/PrivateFrameworks/FontServices.framework/libhvf.dylib
0x0000000209979000 	/System/Library/PrivateFrameworks/FontServices.framework/libXTFontStaticRegistryData.dylib
0x000000020064c000 	/System/Library/Frameworks/OpenCL.framework/Versions/A/OpenCL
0x00000001aa518000 	/System/Library/PrivateFrameworks/AppleVA.framework/Versions/A/AppleVA
0x00000001ac5d5000 	/System/Library/Frameworks/ApplicationServices.framework/Versions/A/Frameworks/ATS.framework/Versions/A/ATS
0x00000001a4b45000 	/System/Library/Frameworks/ApplicationServices.framework/Versions/A/Frameworks/HIServices.framework/Versions/A/HIServices
0x00000001ab4e9000 	/System/Library/Frameworks/ApplicationServices.framework/Versions/A/Frameworks/PrintCore.framework/Versions/A/PrintCore
0x00000001ac960000 	/System/Library/Frameworks/ApplicationServices.framework/Versions/A/Frameworks/QD.framework/Versions/A/QD
0x00000001ac958000 	/System/Library/Frameworks/ApplicationServices.framework/Versions/A/Frameworks/ColorSyncLegacy.framework/Versions/A/ColorSyncLegacy
0x00000001ac5c1000 	/System/Library/Frameworks/ApplicationServices.framework/Versions/A/Frameworks/SpeechSynthesis.framework/Versions/A/SpeechSynthesis
0x00000001ab4aa000 	/System/Library/Frameworks/ApplicationServices.framework/Versions/A/Frameworks/ATSUI.framework/Versions/A/ATSUI
0x00000001ac8ed000 	/usr/lib/libcups.2.dylib
0x00000001accd3000 	/System/Library/Frameworks/Kerberos.framework/Versions/A/Kerberos
0x00000001acce4000 	/System/Library/Frameworks/GSS.framework/Versions/A/GSS
0x00000001ac644000 	/usr/lib/libresolv.9.dylib
0x00000001aab2f000 	/System/Library/PrivateFrameworks/Heimdal.framework/Versions/A/Heimdal
0x00000001b3635000 	/System/Library/Frameworks/Kerberos.framework/Versions/A/Libraries/libHeimdalProxy.dylib
0x00000001a577d000 	/System/Library/Frameworks/Network.framework/Versions/A/Network
0x00000001aa57f000 	/usr/lib/libheimdal-asn1.dylib
0x00000001acd2a000 	/System/Library/PrivateFrameworks/CommonAuth.framework/Versions/A/CommonAuth
0x00000001ac53b000 	/System/Library/PrivateFrameworks/AudioSession.framework/Versions/A/AudioSession
0x00000001aa610000 	/System/Library/PrivateFrameworks/MediaExperience.framework/Versions/A/MediaExperience
0x00000001ac3c3000 	/System/Library/PrivateFrameworks/AudioSession.framework/libSessionUtility.dylib
0x00000001ac96c000 	/System/Library/PrivateFrameworks/AudioResourceArbitration.framework/Versions/A/AudioResourceArbitration
0x00000001b0a77000 	/System/Library/PrivateFrameworks/PowerLog.framework/Versions/A/PowerLog
0x00000001aa588000 	/System/Library/PrivateFrameworks/IconFoundation.framework/Versions/A/IconFoundation
0x00000001af827000 	/System/Library/PrivateFrameworks/SpeechRecognitionCore.framework/Versions/A/SpeechRecognitionCore
0x00000001035a0000 	/Library/Java/JavaVirtualMachines/zulu-16.jdk/Contents/Home/lib/server/libjvm.dylib
0x000000010248c000 	/Library/Java/JavaVirtualMachines/zulu-16.jdk/Contents/Home/lib/libjimage.dylib
0x00000001026d4000 	/Library/Java/JavaVirtualMachines/zulu-16.jdk/Contents/Home/lib/libjava.dylib
0x0000000103148000 	/Library/Java/JavaVirtualMachines/zulu-16.jdk/Contents/Home/lib/libnio.dylib
0x0000000103168000 	/Library/Java/JavaVirtualMachines/zulu-16.jdk/Contents/Home/lib/libnet.dylib
0x000000010318c000 	/Library/Java/JavaVirtualMachines/zulu-16.jdk/Contents/Home/lib/libzip.dylib
0x00000001031a4000 	/Library/Java/JavaVirtualMachines/zulu-16.jdk/Contents/Home/lib/libverify.dylib


VM Arguments:
jvm_args: -Dorg.gradle.appname=gradlew 
java_command: org.gradle.wrapper.GradleWrapperMain :app:dependencies --write-locks
java_class_path (initial): /Volumes/mac-J/larpoux/projmac/flutter_sound/flutter_sound/example/android/gradle/wrapper/gradle-wrapper.jar
Launcher Type: SUN_STANDARD

[Global flags]
     intx CICompilerCount                          = 4                                         {product} {ergonomic}
     uint ConcGCThreads                            = 2                                         {product} {ergonomic}
     uint G1ConcRefinementThreads                  = 8                                         {product} {ergonomic}
   size_t G1HeapRegionSize                         = 2097152                                   {product} {ergonomic}
    uintx GCDrainStackTargetSize                   = 64                                        {product} {ergonomic}
   size_t InitialHeapSize                          = 268435456                                 {product} {ergonomic}
   size_t MarkStackSize                            = 4194304                                   {product} {ergonomic}
   size_t MaxHeapSize                              = 4294967296                                {product} {ergonomic}
   size_t MaxNewSize                               = 2575302656                                {product} {ergonomic}
   size_t MinHeapDeltaBytes                        = 2097152                                   {product} {ergonomic}
   size_t MinHeapSize                              = 8388608                                   {product} {ergonomic}
    uintx NonNMethodCodeHeapSize                   = 5839564                                {pd product} {ergonomic}
    uintx NonProfiledCodeHeapSize                  = 122909338                              {pd product} {ergonomic}
    uintx ProfiledCodeHeapSize                     = 122909338                              {pd product} {ergonomic}
    uintx ReservedCodeCacheSize                    = 251658240                              {pd product} {ergonomic}
     bool SegmentedCodeCache                       = true                                      {product} {ergonomic}
   size_t SoftMaxHeapSize                          = 4294967296                             {manageable} {ergonomic}
     bool UseCompressedClassPointers               = true                           {product lp64_product} {ergonomic}
     bool UseCompressedOops                        = true                           {product lp64_product} {ergonomic}
     bool UseG1GC                                  = true                                      {product} {ergonomic}
     bool UseNUMA                                  = false                                     {product} {ergonomic}
     bool UseNUMAInterleaving                      = false                                     {product} {ergonomic}

Logging:
Log output configuration:
 #0: stdout all=warning uptime,level,tags
 #1: stderr all=off uptime,level,tags

Environment Variables:
PATH=/usr/bin:/bin:/usr/sbin:/sbin
SHELL=/bin/bash

Signal Handlers:
SIGSEGV: [libjvm.dylib+0x9ace24], sa_mask[0]=11100110000111110111111111111111, sa_flags=SA_ONSTACK|SA_RESTART|SA_SIGINFO
SIGBUS: [libjvm.dylib+0x9ace24], sa_mask[0]=11100110000111110111111111111111, sa_flags=SA_RESTART|SA_SIGINFO
SIGFPE: [libjvm.dylib+0x9ace24], sa_mask[0]=11100110000111110111111111111111, sa_flags=SA_RESTART|SA_SIGINFO
SIGPIPE: [libjvm.dylib+0x896640], sa_mask[0]=11100110000111110111111111111111, sa_flags=SA_RESTART|SA_SIGINFO
SIGXFSZ: [libjvm.dylib+0x896640], sa_mask[0]=11100110000111110111111111111111, sa_flags=SA_RESTART|SA_SIGINFO
SIGILL: [libjvm.dylib+0x9ace24], sa_mask[0]=11100110000111110111111111111111, sa_flags=SA_RESTART|SA_SIGINFO
SIGUSR2: [libjvm.dylib+0x897078], sa_mask[0]=00100000000000000000000000000000, sa_flags=SA_RESTART|SA_SIGINFO
SIGHUP: [libjvm.dylib+0x8956f0], sa_mask[0]=11100110000111110111111111111111, sa_flags=SA_RESTART|SA_SIGINFO
SIGINT: [libjvm.dylib+0x8956f0], sa_mask[0]=11100110000111110111111111111111, sa_flags=SA_RESTART|SA_SIGINFO
SIGTERM: [libjvm.dylib+0x8956f0], sa_mask[0]=11100110000111110111111111111111, sa_flags=SA_RESTART|SA_SIGINFO
SIGQUIT: [libjvm.dylib+0x8956f0], sa_mask[0]=11100110000111110111111111111111, sa_flags=SA_RESTART|SA_SIGINFO
SIGTRAP: [libjvm.dylib+0x9ace24], sa_mask[0]=11100110000111110111111111111111, sa_flags=SA_RESTART|SA_SIGINFO


---------------  S Y S T E M  ---------------

OS:uname: Darwin 21.2.0 Darwin Kernel Version 21.2.0: Sun Nov 28 20:29:10 PST 2021; root:xnu-8019.61.5~1/RELEASE_ARM64_T8101 arm64
OS uptime: 2 days 22:54 hours
rlimit (soft/hard): STACK 8176k/65520k , CORE 0k/infinity , NPROC 2666/4000 , NOFILE 10240/infinity , AS infinity/infinity , CPU infinity/infinity , DATA infinity/infinity , FSIZE infinity/infinity , MEMLOCK infinity/infinity , RSS infinity/infinity
load average: 5.13 3.87 3.06

CPU: total 8 (initial active 8) 0x61:0x0:0x1b588bb3:0, simd, crc, lse

Memory: 16k page, physical 16777216k(85920k free), swap 1048576k(1037056k free)

vm_info: OpenJDK 64-Bit Server VM (16+36) for bsd-aarch64 JRE (16+36) (Zulu16.28+11-CA), built on Mar  9 2021 03:14:09 by "zulu_re" with clang Apple LLVM 12.0.0 (clang-1200.0.32.28)

END.
